
Sep 05, 2022 12:10:45.57 NEW SESSION
Sep 05, 2022 12:10:45.57 Opening in existing browser session.
Sep 05, 2022 12:16:20.97 Opening in existing browser session.
Sep 05, 2022 12:19:14.97 Opening in existing browser session.
Sep 05, 2022 12:22:43.97 Opening in existing browser session.
Sep 05, 2022 12:25:59.78 [5868:5868:0905/122559.785704:ERROR:interface_endpoint_client.cc(665)] Message 1 rejected by interface blink.mojom.WidgetHost
Sep 05, 2022 12:26:10.89 Fontconfig error: Cannot load default config file: No such file: (null)
Sep 05, 2022 12:26:13.94 Fontconfig error: Cannot load default config file: No such file: (null)
Sep 05, 2022 12:32:28.84 [5915:5915:0905/123228.844768:ERROR:connection.cc(46)] X connection error received.
Sep 05, 2022 12:32:28.85 [5915:5942:0905/123228.844855:ERROR:connection.cc(46)] X connection error received.

Sep 05, 2022 14:00:49.45 NEW SESSION
Sep 05, 2022 14:00:49.45 Opening in existing browser session.
Sep 05, 2022 14:07:53.93 Opening in existing browser session.
Sep 05, 2022 14:11:43.38 Opening in existing browser session.
Sep 05, 2022 14:25:55.02 Opening in existing browser session.
Sep 05, 2022 14:27:58.50 Opening in existing browser session.
Sep 05, 2022 14:29:51.28 Opening in existing browser session.

Sep 05, 2022 14:53:11.34 NEW SESSION
Sep 05, 2022 14:53:11.34 Opening in existing browser session.
Sep 05, 2022 14:53:49.48 Opening in existing browser session.

Sep 06, 2022 08:51:47.36 NEW SESSION
Sep 06, 2022 08:51:47.36 Opening in existing browser session.
Sep 06, 2022 09:07:42.59 Opening in existing browser session.
Sep 06, 2022 11:52:53.60 Opening in existing browser session.
Sep 06, 2022 11:56:27.36 Opening in existing browser session.
Sep 06, 2022 12:17:26.85 Opening in existing browser session.
Sep 06, 2022 12:18:56.65 Opening in existing browser session.
Sep 06, 2022 12:20:22.27 Opening in existing browser session.
Sep 06, 2022 12:23:00.89 Opening in existing browser session.

Sep 06, 2022 14:05:17.48 NEW SESSION
Sep 06, 2022 14:05:17.48 Opening in existing browser session.
Sep 06, 2022 14:10:07.84 Opening in existing browser session.
Sep 06, 2022 14:18:40.78 Opening in existing browser session.
Sep 06, 2022 14:19:10.64 Opening in existing browser session.
Sep 06, 2022 14:24:53.92 Opening in existing browser session.
Sep 06, 2022 14:26:11.45 Opening in existing browser session.
Sep 06, 2022 14:32:20.48 Opening in existing browser session.
Sep 06, 2022 14:34:21.94 Opening in existing browser session.
Sep 06, 2022 14:39:23.80 Opening in existing browser session.
Sep 06, 2022 14:41:17.06 Opening in existing browser session.

Sep 07, 2022 08:58:44.42 NEW SESSION
Sep 07, 2022 08:58:44.42 Opening in existing browser session.
Sep 07, 2022 09:06:14.23 Opening in existing browser session.
Sep 07, 2022 09:06:33.81 Opening in existing browser session.
Sep 07, 2022 09:07:50.59 Opening in existing browser session.
Sep 07, 2022 09:08:17.25 Opening in existing browser session.
Sep 07, 2022 09:12:11.82 [4706:4710:0907/091211.822134:ERROR:ssl_client_socket_impl.cc(983)] handshake failed; returned -1, SSL error code 1, net_error -100
Sep 07, 2022 09:12:11.98 [4706:4710:0907/091211.987827:ERROR:ssl_client_socket_impl.cc(983)] handshake failed; returned -1, SSL error code 1, net_error -100
Sep 07, 2022 09:12:11.99 [4706:4710:0907/091211.993145:ERROR:ssl_client_socket_impl.cc(983)] handshake failed; returned -1, SSL error code 1, net_error -100
Sep 07, 2022 09:12:12.12 [4706:4710:0907/091212.126845:ERROR:ssl_client_socket_impl.cc(983)] handshake failed; returned -1, SSL error code 1, net_error -100
Sep 07, 2022 09:12:13.98 Fontconfig error: Cannot load default config file: No such file: (null)
Sep 07, 2022 09:12:20.43 Fontconfig error: Cannot load default config file: No such file: (null)
Sep 07, 2022 09:14:22.22 Fontconfig error: Cannot load default config file: No such file: (null)
Sep 07, 2022 09:18:53.64 Opening in existing browser session.
Sep 07, 2022 09:34:34.23 Opening in existing browser session.
Sep 07, 2022 09:35:51.25 Opening in existing browser session.
Sep 07, 2022 10:01:45.87 Opening in existing browser session.
Sep 07, 2022 10:20:19.02 Fontconfig error: Cannot load default config file: No such file: (null)
Sep 07, 2022 10:26:11.17 Opening in existing browser session.
Sep 07, 2022 10:31:50.53 Fontconfig error: Cannot load default config file: No such file: (null)
Sep 07, 2022 10:43:28.80 [4703:4703:0907/104328.801220:ERROR:shared_image_manager.cc(218)] SharedImageManager::ProduceSkia: Trying to Produce a Skia representation from a non-existent mailbox.
Sep 07, 2022 10:43:28.80 [4703:4703:0907/104328.801550:ERROR:shared_image_manager.cc(218)] SharedImageManager::ProduceSkia: Trying to Produce a Skia representation from a non-existent mailbox.
Sep 07, 2022 10:47:18.64 [4654:4654:0907/104718.647733:ERROR:interface_endpoint_client.cc(665)] Message 0 rejected by interface blink.mojom.WidgetHost
Sep 07, 2022 10:47:33.07 Fontconfig error: Cannot load default config file: No such file: (null)
Sep 07, 2022 10:55:03.49 Opening in existing browser session.
